{"/Users/billchair/Desktop/New Things/cms_server/app.js": {"path":"/Users/billchair/Desktop/New Things/cms_server/app.js","statementMap":{"0":{"start":{"line":1,"column":0},"end":{"line":1,"column":26}},"1":{"start":{"line":3,"column":19},"end":{"line":3,"column":43}},"2":{"start":{"line":4,"column":16},"end":{"line":4,"column":34}},"3":{"start":{"line":5,"column":15},"end":{"line":5,"column":34}},"4":{"start":{"line":6,"column":13},"end":{"line":6,"column":28}},"5":{"start":{"line":8,"column":12},"end":{"line":8,"column":21}},"6":{"start":{"line":11,"column":0},"end":{"line":11,"column":48}},"7":{"start":{"line":12,"column":0},"end":{"line":12,"column":23}},"8":{"start":{"line":13,"column":0},"end":{"line":13,"column":15}},"9":{"start":{"line":15,"column":0},"end":{"line":15,"column":15}},"10":{"start":{"line":16,"column":0},"end":{"line":16,"column":19}},"11":{"start":{"line":23,"column":0},"end":{"line":23,"column":20}}},"fnMap":{},"branchMap":{},"s":{"0":2,"1":2,"2":2,"3":2,"4":2,"5":2,"6":2,"7":2,"8":2,"9":2,"10":2,"11":2},"f":{},"b":{},"_coverageSchema":"1a1c01bbd47fc00a2c39e90264f33305004495a9","hash":"b1a6583d2451bfa43b70649cc5db53fe00fc5240"}
,"/Users/billchair/Desktop/New Things/cms_server/controllers/cart.js": {"path":"/Users/billchair/Desktop/New Things/cms_server/controllers/cart.js","statementMap":{"0":{"start":{"line":2,"column":17},"end":{"line":2,"column":37}},"1":{"start":{"line":6,"column":18},"end":{"line":6,"column":38}},"2":{"start":{"line":7,"column":4},"end":{"line":13,"column":24}},"3":{"start":{"line":8,"column":6},"end":{"line":10,"column":24}},"4":{"start":{"line":12,"column":6},"end":{"line":13,"column":24}},"5":{"start":{"line":17,"column":19},"end":{"line":17,"column":29}},"6":{"start":{"line":19,"column":17},"end":{"line":19,"column":54}},"7":{"start":{"line":20,"column":4},"end":{"line":26,"column":23}},"8":{"start":{"line":21,"column":6},"end":{"line":23,"column":23}},"9":{"start":{"line":25,"column":6},"end":{"line":26,"column":23}},"10":{"start":{"line":33,"column":8},"end":{"line":33,"column":16}},"11":{"start":{"line":36,"column":8},"end":{"line":36,"column":11}},"12":{"start":{"line":38,"column":4},"end":{"line":40,"column":61}},"13":{"start":{"line":39,"column":6},"end":{"line":40,"column":61}},"14":{"start":{"line":44,"column":20},"end":{"line":48,"column":6}},"15":{"start":{"line":50,"column":4},"end":{"line":56,"column":26}},"16":{"start":{"line":51,"column":6},"end":{"line":53,"column":26}},"17":{"start":{"line":55,"column":6},"end":{"line":56,"column":26}},"18":{"start":{"line":63,"column":8},"end":{"line":63,"column":16}},"19":{"start":{"line":66,"column":8},"end":{"line":66,"column":18}},"20":{"start":{"line":69,"column":8},"end":{"line":69,"column":11}},"21":{"start":{"line":71,"column":23},"end":{"line":79,"column":6}},"22":{"start":{"line":81,"column":4},"end":{"line":87,"column":44}},"23":{"start":{"line":82,"column":6},"end":{"line":84,"column":38}},"24":{"start":{"line":86,"column":6},"end":{"line":87,"column":44}},"25":{"start":{"line":93,"column":8},"end":{"line":93,"column":18}},"26":{"start":{"line":95,"column":23},"end":{"line":99,"column":6}},"27":{"start":{"line":100,"column":4},"end":{"line":106,"column":47}},"28":{"start":{"line":101,"column":6},"end":{"line":103,"column":59}},"29":{"start":{"line":105,"column":6},"end":{"line":106,"column":47}},"30":{"start":{"line":110,"column":0},"end":{"line":110,"column":31}}},"fnMap":{"0":{"name":"(anonymous_0)","decl":{"start":{"line":5,"column":2},"end":{"line":5,"column":3}},"loc":{"start":{"line":5,"column":40},"end":{"line":14,"column":3}},"line":5},"1":{"name":"(anonymous_1)","decl":{"start":{"line":16,"column":2},"end":{"line":16,"column":3}},"loc":{"start":{"line":16,"column":41},"end":{"line":27,"column":3}},"line":16},"2":{"name":"(anonymous_2)","decl":{"start":{"line":29,"column":2},"end":{"line":29,"column":3}},"loc":{"start":{"line":29,"column":36},"end":{"line":57,"column":3}},"line":29},"3":{"name":"(anonymous_3)","decl":{"start":{"line":59,"column":2},"end":{"line":59,"column":3}},"loc":{"start":{"line":59,"column":37},"end":{"line":88,"column":3}},"line":59},"4":{"name":"(anonymous_4)","decl":{"start":{"line":90,"column":2},"end":{"line":90,"column":3}},"loc":{"start":{"line":90,"column":39},"end":{"line":107,"column":3}},"line":90}},"branchMap":{"0":{"loc":{"start":{"line":7,"column":4},"end":{"line":13,"column":24}},"type":"if","locations":[{"start":{"line":7,"column":4},"end":{"line":13,"column":24}},{"start":{"line":7,"column":4},"end":{"line":13,"column":24}}],"line":7},"1":{"loc":{"start":{"line":20,"column":4},"end":{"line":26,"column":23}},"type":"if","locations":[{"start":{"line":20,"column":4},"end":{"line":26,"column":23}},{"start":{"line":20,"column":4},"end":{"line":26,"column":23}}],"line":20},"2":{"loc":{"start":{"line":38,"column":4},"end":{"line":40,"column":61}},"type":"if","locations":[{"start":{"line":38,"column":4},"end":{"line":40,"column":61}},{"start":{"line":38,"column":4},"end":{"line":40,"column":61}}],"line":38},"3":{"loc":{"start":{"line":38,"column":8},"end":{"line":38,"column":27}},"type":"binary-expr","locations":[{"start":{"line":38,"column":8},"end":{"line":38,"column":14}},{"start":{"line":38,"column":18},"end":{"line":38,"column":27}}],"line":38},"4":{"loc":{"start":{"line":50,"column":4},"end":{"line":56,"column":26}},"type":"if","locations":[{"start":{"line":50,"column":4},"end":{"line":56,"column":26}},{"start":{"line":50,"column":4},"end":{"line":56,"column":26}}],"line":50},"5":{"loc":{"start":{"line":81,"column":4},"end":{"line":87,"column":44}},"type":"if","locations":[{"start":{"line":81,"column":4},"end":{"line":87,"column":44}},{"start":{"line":81,"column":4},"end":{"line":87,"column":44}}],"line":81},"6":{"loc":{"start":{"line":100,"column":4},"end":{"line":106,"column":47}},"type":"if","locations":[{"start":{"line":100,"column":4},"end":{"line":106,"column":47}},{"start":{"line":100,"column":4},"end":{"line":106,"column":47}}],"line":100}},"s":{"0":2,"1":0,"2":0,"3":0,"4":0,"5":0,"6":0,"7":0,"8":0,"9":0,"10":0,"11":0,"12":0,"13":0,"14":0,"15":0,"16":0,"17":0,"18":0,"19":0,"20":0,"21":0,"22":0,"23":0,"24":0,"25":0,"26":0,"27":0,"28":0,"29":0,"30":2},"f":{"0":0,"1":0,"2":0,"3":0,"4":0},"b":{"0":[0,0],"1":[0,0],"2":[0,0],"3":[0,0],"4":[0,0],"5":[0,0],"6":[0,0]},"_coverageSchema":"1a1c01bbd47fc00a2c39e90264f33305004495a9","hash":"173319eaf1a3d01c0efaa3f0ba8c06e716366f78"}
,"/Users/billchair/Desktop/New Things/cms_server/controllers/product.js": {"path":"/Users/billchair/Desktop/New Things/cms_server/controllers/product.js","statementMap":{"0":{"start":{"line":2,"column":20},"end":{"line":2,"column":40}},"1":{"start":{"line":6,"column":21},"end":{"line":6,"column":44}},"2":{"start":{"line":7,"column":4},"end":{"line":13,"column":27}},"3":{"start":{"line":8,"column":6},"end":{"line":10,"column":27}},"4":{"start":{"line":12,"column":6},"end":{"line":13,"column":27}},"5":{"start":{"line":19,"column":8},"end":{"line":19,"column":18}},"6":{"start":{"line":20,"column":20},"end":{"line":20,"column":60}},"7":{"start":{"line":21,"column":4},"end":{"line":27,"column":23}},"8":{"start":{"line":22,"column":6},"end":{"line":24,"column":26}},"9":{"start":{"line":26,"column":6},"end":{"line":27,"column":23}},"10":{"start":{"line":37,"column":8},"end":{"line":37,"column":16}},"11":{"start":{"line":39,"column":23},"end":{"line":45,"column":6}},"12":{"start":{"line":47,"column":4},"end":{"line":53,"column":29}},"13":{"start":{"line":48,"column":6},"end":{"line":50,"column":29}},"14":{"start":{"line":52,"column":6},"end":{"line":53,"column":29}},"15":{"start":{"line":63,"column":8},"end":{"line":63,"column":16}},"16":{"start":{"line":64,"column":17},"end":{"line":64,"column":27}},"17":{"start":{"line":66,"column":4},"end":{"line":68,"column":48}},"18":{"start":{"line":67,"column":6},"end":{"line":68,"column":48}},"19":{"start":{"line":70,"column":26},"end":{"line":80,"column":8}},"20":{"start":{"line":81,"column":4},"end":{"line":87,"column":48}},"21":{"start":{"line":82,"column":6},"end":{"line":84,"column":41}},"22":{"start":{"line":86,"column":6},"end":{"line":87,"column":48}},"23":{"start":{"line":91,"column":19},"end":{"line":91,"column":29}},"24":{"start":{"line":93,"column":26},"end":{"line":97,"column":6}},"25":{"start":{"line":98,"column":4},"end":{"line":104,"column":48}},"26":{"start":{"line":99,"column":6},"end":{"line":101,"column":41}},"27":{"start":{"line":103,"column":6},"end":{"line":104,"column":48}},"28":{"start":{"line":108,"column":0},"end":{"line":108,"column":34}}},"fnMap":{"0":{"name":"(anonymous_0)","decl":{"start":{"line":5,"column":2},"end":{"line":5,"column":3}},"loc":{"start":{"line":5,"column":40},"end":{"line":14,"column":3}},"line":5},"1":{"name":"(anonymous_1)","decl":{"start":{"line":16,"column":2},"end":{"line":16,"column":3}},"loc":{"start":{"line":16,"column":41},"end":{"line":28,"column":3}},"line":16},"2":{"name":"(anonymous_2)","decl":{"start":{"line":30,"column":2},"end":{"line":30,"column":3}},"loc":{"start":{"line":30,"column":39},"end":{"line":54,"column":3}},"line":30},"3":{"name":"(anonymous_3)","decl":{"start":{"line":56,"column":2},"end":{"line":56,"column":3}},"loc":{"start":{"line":56,"column":37},"end":{"line":88,"column":3}},"line":56},"4":{"name":"(anonymous_4)","decl":{"start":{"line":90,"column":2},"end":{"line":90,"column":3}},"loc":{"start":{"line":90,"column":39},"end":{"line":105,"column":3}},"line":90}},"branchMap":{"0":{"loc":{"start":{"line":7,"column":4},"end":{"line":13,"column":27}},"type":"if","locations":[{"start":{"line":7,"column":4},"end":{"line":13,"column":27}},{"start":{"line":7,"column":4},"end":{"line":13,"column":27}}],"line":7},"1":{"loc":{"start":{"line":21,"column":4},"end":{"line":27,"column":23}},"type":"if","locations":[{"start":{"line":21,"column":4},"end":{"line":27,"column":23}},{"start":{"line":21,"column":4},"end":{"line":27,"column":23}}],"line":21},"2":{"loc":{"start":{"line":47,"column":4},"end":{"line":53,"column":29}},"type":"if","locations":[{"start":{"line":47,"column":4},"end":{"line":53,"column":29}},{"start":{"line":47,"column":4},"end":{"line":53,"column":29}}],"line":47},"3":{"loc":{"start":{"line":66,"column":4},"end":{"line":68,"column":48}},"type":"if","locations":[{"start":{"line":66,"column":4},"end":{"line":68,"column":48}},{"start":{"line":66,"column":4},"end":{"line":68,"column":48}}],"line":66},"4":{"loc":{"start":{"line":66,"column":8},"end":{"line":66,"column":24}},"type":"binary-expr","locations":[{"start":{"line":66,"column":8},"end":{"line":66,"column":14}},{"start":{"line":66,"column":18},"end":{"line":66,"column":24}}],"line":66},"5":{"loc":{"start":{"line":81,"column":4},"end":{"line":87,"column":48}},"type":"if","locations":[{"start":{"line":81,"column":4},"end":{"line":87,"column":48}},{"start":{"line":81,"column":4},"end":{"line":87,"column":48}}],"line":81},"6":{"loc":{"start":{"line":98,"column":4},"end":{"line":104,"column":48}},"type":"if","locations":[{"start":{"line":98,"column":4},"end":{"line":104,"column":48}},{"start":{"line":98,"column":4},"end":{"line":104,"column":48}}],"line":98}},"s":{"0":2,"1":1,"2":1,"3":1,"4":0,"5":1,"6":1,"7":1,"8":1,"9":0,"10":1,"11":1,"12":1,"13":1,"14":0,"15":1,"16":1,"17":1,"18":0,"19":1,"20":1,"21":1,"22":0,"23":1,"24":1,"25":1,"26":1,"27":0,"28":2},"f":{"0":1,"1":1,"2":1,"3":1,"4":1},"b":{"0":[1,0],"1":[1,0],"2":[1,0],"3":[0,1],"4":[1,1],"5":[1,0],"6":[1,0]},"_coverageSchema":"1a1c01bbd47fc00a2c39e90264f33305004495a9","hash":"1107c878874f8a52a051a7daad4188f0bf29de24"}
,"/Users/billchair/Desktop/New Things/cms_server/controllers/user.js": {"path":"/Users/billchair/Desktop/New Things/cms_server/controllers/user.js","statementMap":{"0":{"start":{"line":2,"column":17},"end":{"line":2,"column":37}},"1":{"start":{"line":3,"column":29},"end":{"line":3,"column":57}},"2":{"start":{"line":4,"column":27},"end":{"line":4,"column":52}},"3":{"start":{"line":14,"column":8},"end":{"line":14,"column":16}},"4":{"start":{"line":16,"column":20},"end":{"line":22,"column":6}},"5":{"start":{"line":23,"column":4},"end":{"line":29,"column":26}},"6":{"start":{"line":24,"column":6},"end":{"line":26,"column":26}},"7":{"start":{"line":28,"column":6},"end":{"line":29,"column":26}},"8":{"start":{"line":36,"column":8},"end":{"line":36,"column":16}},"9":{"start":{"line":37,"column":17},"end":{"line":39,"column":8}},"10":{"start":{"line":40,"column":4},"end":{"line":42,"column":51}},"11":{"start":{"line":41,"column":6},"end":{"line":42,"column":51}},"12":{"start":{"line":44,"column":29},"end":{"line":44,"column":70}},"13":{"start":{"line":45,"column":4},"end":{"line":52,"column":51}},"14":{"start":{"line":47,"column":6},"end":{"line":49,"column":83}},"15":{"start":{"line":51,"column":6},"end":{"line":52,"column":51}},"16":{"start":{"line":56,"column":0},"end":{"line":56,"column":31}}},"fnMap":{"0":{"name":"(anonymous_0)","decl":{"start":{"line":7,"column":2},"end":{"line":7,"column":3}},"loc":{"start":{"line":7,"column":41},"end":{"line":30,"column":3}},"line":7},"1":{"name":"(anonymous_1)","decl":{"start":{"line":32,"column":2},"end":{"line":32,"column":3}},"loc":{"start":{"line":32,"column":38},"end":{"line":53,"column":3}},"line":32}},"branchMap":{"0":{"loc":{"start":{"line":23,"column":4},"end":{"line":29,"column":26}},"type":"if","locations":[{"start":{"line":23,"column":4},"end":{"line":29,"column":26}},{"start":{"line":23,"column":4},"end":{"line":29,"column":26}}],"line":23},"1":{"loc":{"start":{"line":40,"column":4},"end":{"line":42,"column":51}},"type":"if","locations":[{"start":{"line":40,"column":4},"end":{"line":42,"column":51}},{"start":{"line":40,"column":4},"end":{"line":42,"column":51}}],"line":40},"2":{"loc":{"start":{"line":45,"column":4},"end":{"line":52,"column":51}},"type":"if","locations":[{"start":{"line":45,"column":4},"end":{"line":52,"column":51}},{"start":{"line":45,"column":4},"end":{"line":52,"column":51}}],"line":45}},"s":{"0":2,"1":2,"2":2,"3":1,"4":1,"5":1,"6":1,"7":0,"8":1,"9":1,"10":1,"11":0,"12":1,"13":1,"14":1,"15":0,"16":2},"f":{"0":1,"1":1},"b":{"0":[1,0],"1":[0,1],"2":[1,0]},"_coverageSchema":"1a1c01bbd47fc00a2c39e90264f33305004495a9","hash":"d0bece837f03ee47f8506fbd6888803504ac040c"}
,"/Users/billchair/Desktop/New Things/cms_server/helpers/bcrypt.js": {"path":"/Users/billchair/Desktop/New Things/cms_server/helpers/bcrypt.js","statementMap":{"0":{"start":{"line":2,"column":15},"end":{"line":2,"column":34}},"1":{"start":{"line":4,"column":26},"end":{"line":8,"column":1}},"2":{"start":{"line":5,"column":13},"end":{"line":5,"column":50}},"3":{"start":{"line":6,"column":13},"end":{"line":6,"column":44}},"4":{"start":{"line":7,"column":2},"end":{"line":7,"column":13}},"5":{"start":{"line":10,"column":25},"end":{"line":12,"column":1}},"6":{"start":{"line":11,"column":2},"end":{"line":11,"column":43}},"7":{"start":{"line":14,"column":0},"end":{"line":17,"column":1}}},"fnMap":{"0":{"name":"(anonymous_0)","decl":{"start":{"line":4,"column":26},"end":{"line":4,"column":27}},"loc":{"start":{"line":4,"column":40},"end":{"line":8,"column":1}},"line":4},"1":{"name":"(anonymous_1)","decl":{"start":{"line":10,"column":25},"end":{"line":10,"column":26}},"loc":{"start":{"line":10,"column":45},"end":{"line":12,"column":1}},"line":10}},"branchMap":{},"s":{"0":2,"1":2,"2":1,"3":1,"4":1,"5":2,"6":1,"7":2},"f":{"0":1,"1":1},"b":{},"_coverageSchema":"1a1c01bbd47fc00a2c39e90264f33305004495a9","hash":"eaf97d2edc955974aad0d5677bf75383f60ddb33"}
,"/Users/billchair/Desktop/New Things/cms_server/helpers/err.js": {"path":"/Users/billchair/Desktop/New Things/cms_server/helpers/err.js","statementMap":{"0":{"start":{"line":2,"column":19},"end":{"line":4,"column":1}},"1":{"start":{"line":3,"column":2},"end":{"line":3,"column":31}},"2":{"start":{"line":6,"column":0},"end":{"line":6,"column":27}}},"fnMap":{"0":{"name":"(anonymous_0)","decl":{"start":{"line":2,"column":19},"end":{"line":2,"column":20}},"loc":{"start":{"line":2,"column":44},"end":{"line":4,"column":1}},"line":2}},"branchMap":{},"s":{"0":2,"1":0,"2":2},"f":{"0":0},"b":{},"_coverageSchema":"1a1c01bbd47fc00a2c39e90264f33305004495a9","hash":"b37b6dca5ec7516a4a70018c57e9283734119957"}
,"/Users/billchair/Desktop/New Things/cms_server/helpers/jwt.js": {"path":"/Users/billchair/Desktop/New Things/cms_server/helpers/jwt.js","statementMap":{"0":{"start":{"line":2,"column":12},"end":{"line":2,"column":35}},"1":{"start":{"line":4,"column":23},"end":{"line":6,"column":1}},"2":{"start":{"line":5,"column":2},"end":{"line":5,"column":46}},"3":{"start":{"line":8,"column":22},"end":{"line":10,"column":1}},"4":{"start":{"line":9,"column":2},"end":{"line":9,"column":46}},"5":{"start":{"line":12,"column":0},"end":{"line":15,"column":1}}},"fnMap":{"0":{"name":"(anonymous_0)","decl":{"start":{"line":4,"column":23},"end":{"line":4,"column":24}},"loc":{"start":{"line":4,"column":36},"end":{"line":6,"column":1}},"line":4},"1":{"name":"(anonymous_1)","decl":{"start":{"line":8,"column":22},"end":{"line":8,"column":23}},"loc":{"start":{"line":8,"column":33},"end":{"line":10,"column":1}},"line":8}},"branchMap":{},"s":{"0":2,"1":2,"2":1,"3":2,"4":0,"5":2},"f":{"0":1,"1":0},"b":{},"_coverageSchema":"1a1c01bbd47fc00a2c39e90264f33305004495a9","hash":"1784a9ee24c0a9706530957c654f767e9c812fd6"}
,"/Users/billchair/Desktop/New Things/cms_server/middlewares/authentication.js": {"path":"/Users/billchair/Desktop/New Things/cms_server/middlewares/authentication.js","statementMap":{"0":{"start":{"line":2,"column":17},"end":{"line":2,"column":37}},"1":{"start":{"line":3,"column":26},"end":{"line":3,"column":51}},"2":{"start":{"line":5,"column":23},"end":{"line":18,"column":1}},"3":{"start":{"line":6,"column":15},"end":{"line":6,"column":54}},"4":{"start":{"line":8,"column":2},"end":{"line":17,"column":6}},"5":{"start":{"line":10,"column":6},"end":{"line":13,"column":7}},"6":{"start":{"line":11,"column":8},"end":{"line":11,"column":28}},"7":{"start":{"line":12,"column":8},"end":{"line":12,"column":14}},"8":{"start":{"line":16,"column":6},"end":{"line":16,"column":15}},"9":{"start":{"line":20,"column":0},"end":{"line":20,"column":31}}},"fnMap":{"0":{"name":"(anonymous_0)","decl":{"start":{"line":5,"column":23},"end":{"line":5,"column":24}},"loc":{"start":{"line":5,"column":43},"end":{"line":18,"column":1}},"line":5},"1":{"name":"(anonymous_1)","decl":{"start":{"line":9,"column":10},"end":{"line":9,"column":11}},"loc":{"start":{"line":9,"column":20},"end":{"line":14,"column":5}},"line":9},"2":{"name":"(anonymous_2)","decl":{"start":{"line":15,"column":11},"end":{"line":15,"column":12}},"loc":{"start":{"line":15,"column":18},"end":{"line":17,"column":5}},"line":15}},"branchMap":{"0":{"loc":{"start":{"line":10,"column":6},"end":{"line":13,"column":7}},"type":"if","locations":[{"start":{"line":10,"column":6},"end":{"line":13,"column":7}},{"start":{"line":10,"column":6},"end":{"line":13,"column":7}}],"line":10}},"s":{"0":2,"1":2,"2":2,"3":0,"4":0,"5":0,"6":0,"7":0,"8":0,"9":2},"f":{"0":0,"1":0,"2":0},"b":{"0":[0,0]},"_coverageSchema":"1a1c01bbd47fc00a2c39e90264f33305004495a9","hash":"2f5f25c3806d2edb485237db887ba39487fe87c7"}
,"/Users/billchair/Desktop/New Things/cms_server/middlewares/authorization.js": {"path":"/Users/billchair/Desktop/New Things/cms_server/middlewares/authorization.js","statementMap":{"0":{"start":{"line":2,"column":17},"end":{"line":2,"column":37}},"1":{"start":{"line":4,"column":22},"end":{"line":17,"column":1}},"2":{"start":{"line":5,"column":21},"end":{"line":5,"column":24}},"3":{"start":{"line":6,"column":17},"end":{"line":6,"column":27}},"4":{"start":{"line":8,"column":2},"end":{"line":16,"column":6}},"5":{"start":{"line":10,"column":8},"end":{"line":12,"column":9}},"6":{"start":{"line":11,"column":10},"end":{"line":11,"column":16}},"7":{"start":{"line":15,"column":6},"end":{"line":15,"column":15}},"8":{"start":{"line":19,"column":0},"end":{"line":19,"column":30}}},"fnMap":{"0":{"name":"(anonymous_0)","decl":{"start":{"line":4,"column":22},"end":{"line":4,"column":23}},"loc":{"start":{"line":4,"column":42},"end":{"line":17,"column":1}},"line":4},"1":{"name":"(anonymous_1)","decl":{"start":{"line":9,"column":10},"end":{"line":9,"column":11}},"loc":{"start":{"line":9,"column":20},"end":{"line":13,"column":5}},"line":9},"2":{"name":"(anonymous_2)","decl":{"start":{"line":14,"column":11},"end":{"line":14,"column":12}},"loc":{"start":{"line":14,"column":18},"end":{"line":16,"column":5}},"line":14}},"branchMap":{"0":{"loc":{"start":{"line":10,"column":8},"end":{"line":12,"column":9}},"type":"if","locations":[{"start":{"line":10,"column":8},"end":{"line":12,"column":9}},{"start":{"line":10,"column":8},"end":{"line":12,"column":9}}],"line":10}},"s":{"0":2,"1":2,"2":0,"3":0,"4":0,"5":0,"6":0,"7":0,"8":2},"f":{"0":0,"1":0,"2":0},"b":{"0":[0,0]},"_coverageSchema":"1a1c01bbd47fc00a2c39e90264f33305004495a9","hash":"844fea58b01131720a04bafff9a2b9fe6845f2d3"}
,"/Users/billchair/Desktop/New Things/cms_server/models/cart.js": {"path":"/Users/billchair/Desktop/New Things/cms_server/models/cart.js","statementMap":{"0":{"start":{"line":4,"column":4},"end":{"line":4,"column":24}},"1":{"start":{"line":5,"column":0},"end":{"line":25,"column":2}},"2":{"start":{"line":16,"column":2},"end":{"line":23,"column":5}},"3":{"start":{"line":24,"column":2},"end":{"line":24,"column":14}}},"fnMap":{"0":{"name":"(anonymous_0)","decl":{"start":{"line":5,"column":17},"end":{"line":5,"column":18}},"loc":{"start":{"line":5,"column":43},"end":{"line":25,"column":1}},"line":5},"1":{"name":"(anonymous_1)","decl":{"start":{"line":12,"column":4},"end":{"line":12,"column":5}},"loc":{"start":{"line":12,"column":29},"end":{"line":14,"column":5}},"line":12}},"branchMap":{},"s":{"0":2,"1":2,"2":2,"3":2},"f":{"0":2,"1":2},"b":{},"_coverageSchema":"1a1c01bbd47fc00a2c39e90264f33305004495a9","hash":"1294f2959daddadebc2d635e0c14ca887f59fbb8"}
,"/Users/billchair/Desktop/New Things/cms_server/models/index.js": {"path":"/Users/billchair/Desktop/New Things/cms_server/models/index.js","statementMap":{"0":{"start":{"line":3,"column":11},"end":{"line":3,"column":24}},"1":{"start":{"line":4,"column":13},"end":{"line":4,"column":28}},"2":{"start":{"line":5,"column":18},"end":{"line":5,"column":38}},"3":{"start":{"line":6,"column":17},"end":{"line":6,"column":42}},"4":{"start":{"line":7,"column":12},"end":{"line":7,"column":49}},"5":{"start":{"line":8,"column":15},"end":{"line":8,"column":65}},"6":{"start":{"line":9,"column":11},"end":{"line":9,"column":13}},"7":{"start":{"line":12,"column":0},"end":{"line":16,"column":1}},"8":{"start":{"line":13,"column":2},"end":{"line":13,"column":74}},"9":{"start":{"line":15,"column":2},"end":{"line":15,"column":87}},"10":{"start":{"line":18,"column":0},"end":{"line":26,"column":5}},"11":{"start":{"line":21,"column":4},"end":{"line":21,"column":90}},"12":{"start":{"line":24,"column":18},"end":{"line":24,"column":85}},"13":{"start":{"line":25,"column":4},"end":{"line":25,"column":27}},"14":{"start":{"line":28,"column":0},"end":{"line":32,"column":3}},"15":{"start":{"line":29,"column":2},"end":{"line":31,"column":3}},"16":{"start":{"line":30,"column":4},"end":{"line":30,"column":32}},"17":{"start":{"line":34,"column":0},"end":{"line":34,"column":25}},"18":{"start":{"line":35,"column":0},"end":{"line":35,"column":25}},"19":{"start":{"line":37,"column":0},"end":{"line":37,"column":20}}},"fnMap":{"0":{"name":"(anonymous_0)","decl":{"start":{"line":20,"column":10},"end":{"line":20,"column":11}},"loc":{"start":{"line":20,"column":18},"end":{"line":22,"column":3}},"line":20},"1":{"name":"(anonymous_1)","decl":{"start":{"line":23,"column":11},"end":{"line":23,"column":12}},"loc":{"start":{"line":23,"column":19},"end":{"line":26,"column":3}},"line":23},"2":{"name":"(anonymous_2)","decl":{"start":{"line":28,"column":24},"end":{"line":28,"column":25}},"loc":{"start":{"line":28,"column":37},"end":{"line":32,"column":1}},"line":28}},"branchMap":{"0":{"loc":{"start":{"line":7,"column":12},"end":{"line":7,"column":49}},"type":"binary-expr","locations":[{"start":{"line":7,"column":12},"end":{"line":7,"column":32}},{"start":{"line":7,"column":36},"end":{"line":7,"column":49}}],"line":7},"1":{"loc":{"start":{"line":12,"column":0},"end":{"line":16,"column":1}},"type":"if","locations":[{"start":{"line":12,"column":0},"end":{"line":16,"column":1}},{"start":{"line":12,"column":0},"end":{"line":16,"column":1}}],"line":12},"2":{"loc":{"start":{"line":21,"column":11},"end":{"line":21,"column":89}},"type":"binary-expr","locations":[{"start":{"line":21,"column":12},"end":{"line":21,"column":35}},{"start":{"line":21,"column":41},"end":{"line":21,"column":58}},{"start":{"line":21,"column":64},"end":{"line":21,"column":88}}],"line":21},"3":{"loc":{"start":{"line":29,"column":2},"end":{"line":31,"column":3}},"type":"if","locations":[{"start":{"line":29,"column":2},"end":{"line":31,"column":3}},{"start":{"line":29,"column":2},"end":{"line":31,"column":3}}],"line":29}},"s":{"0":2,"1":2,"2":2,"3":2,"4":2,"5":2,"6":2,"7":2,"8":0,"9":2,"10":2,"11":8,"12":6,"13":6,"14":2,"15":6,"16":6,"17":2,"18":2,"19":2},"f":{"0":8,"1":6,"2":6},"b":{"0":[2,0],"1":[0,2],"2":[8,8,6],"3":[6,0]},"_coverageSchema":"1a1c01bbd47fc00a2c39e90264f33305004495a9","hash":"7bd944783a8f19110505e920a49c0d32669e1afd"}
,"/Users/billchair/Desktop/New Things/cms_server/models/product.js": {"path":"/Users/billchair/Desktop/New Things/cms_server/models/product.js","statementMap":{"0":{"start":{"line":4,"column":4},"end":{"line":4,"column":24}},"1":{"start":{"line":5,"column":0},"end":{"line":27,"column":2}},"2":{"start":{"line":16,"column":2},"end":{"line":25,"column":5}},"3":{"start":{"line":26,"column":2},"end":{"line":26,"column":17}}},"fnMap":{"0":{"name":"(anonymous_0)","decl":{"start":{"line":5,"column":17},"end":{"line":5,"column":18}},"loc":{"start":{"line":5,"column":43},"end":{"line":27,"column":1}},"line":5},"1":{"name":"(anonymous_1)","decl":{"start":{"line":12,"column":4},"end":{"line":12,"column":5}},"loc":{"start":{"line":12,"column":29},"end":{"line":14,"column":5}},"line":12}},"branchMap":{},"s":{"0":2,"1":2,"2":2,"3":2},"f":{"0":2,"1":2},"b":{},"_coverageSchema":"1a1c01bbd47fc00a2c39e90264f33305004495a9","hash":"ca45a8f603fffd9356c9895e409164c6e34a21f6"}
,"/Users/billchair/Desktop/New Things/cms_server/models/user.js": {"path":"/Users/billchair/Desktop/New Things/cms_server/models/user.js","statementMap":{"0":{"start":{"line":2,"column":30},"end":{"line":2,"column":58}},"1":{"start":{"line":6,"column":4},"end":{"line":6,"column":24}},"2":{"start":{"line":7,"column":0},"end":{"line":34,"column":2}},"3":{"start":{"line":18,"column":2},"end":{"line":32,"column":5}},"4":{"start":{"line":29,"column":8},"end":{"line":29,"column":56}},"5":{"start":{"line":33,"column":2},"end":{"line":33,"column":14}}},"fnMap":{"0":{"name":"(anonymous_0)","decl":{"start":{"line":7,"column":17},"end":{"line":7,"column":18}},"loc":{"start":{"line":7,"column":43},"end":{"line":34,"column":1}},"line":7},"1":{"name":"(anonymous_1)","decl":{"start":{"line":14,"column":4},"end":{"line":14,"column":5}},"loc":{"start":{"line":14,"column":29},"end":{"line":16,"column":5}},"line":14},"2":{"name":"(anonymous_2)","decl":{"start":{"line":28,"column":6},"end":{"line":28,"column":7}},"loc":{"start":{"line":28,"column":26},"end":{"line":30,"column":7}},"line":28}},"branchMap":{},"s":{"0":2,"1":2,"2":2,"3":2,"4":1,"5":2},"f":{"0":2,"1":2,"2":1},"b":{},"_coverageSchema":"1a1c01bbd47fc00a2c39e90264f33305004495a9","hash":"6a85319c26626c59c422551069616bfc1e25a0e4"}
,"/Users/billchair/Desktop/New Things/cms_server/routes/carts.js": {"path":"/Users/billchair/Desktop/New Things/cms_server/routes/carts.js","statementMap":{"0":{"start":{"line":1,"column":15},"end":{"line":1,"column":42}},"1":{"start":{"line":2,"column":23},"end":{"line":2,"column":53}},"2":{"start":{"line":3,"column":23},"end":{"line":3,"column":63}},"3":{"start":{"line":4,"column":22},"end":{"line":4,"column":61}},"4":{"start":{"line":6,"column":0},"end":{"line":6,"column":26}},"5":{"start":{"line":7,"column":0},"end":{"line":7,"column":39}},"6":{"start":{"line":8,"column":0},"end":{"line":8,"column":43}},"7":{"start":{"line":10,"column":0},"end":{"line":10,"column":36}},"8":{"start":{"line":11,"column":0},"end":{"line":11,"column":54}},"9":{"start":{"line":12,"column":0},"end":{"line":12,"column":59}},"10":{"start":{"line":15,"column":0},"end":{"line":15,"column":23}}},"fnMap":{},"branchMap":{},"s":{"0":2,"1":2,"2":2,"3":2,"4":2,"5":2,"6":2,"7":2,"8":2,"9":2,"10":2},"f":{},"b":{},"_coverageSchema":"1a1c01bbd47fc00a2c39e90264f33305004495a9","hash":"69bc72dd24aab3536671f1132a1e50a9ecdf5d5b"}
,"/Users/billchair/Desktop/New Things/cms_server/routes/index.js": {"path":"/Users/billchair/Desktop/New Things/cms_server/routes/index.js","statementMap":{"0":{"start":{"line":1,"column":15},"end":{"line":1,"column":42}},"1":{"start":{"line":3,"column":14},"end":{"line":3,"column":31}},"2":{"start":{"line":4,"column":17},"end":{"line":4,"column":38}},"3":{"start":{"line":5,"column":14},"end":{"line":5,"column":32}},"4":{"start":{"line":7,"column":0},"end":{"line":7,"column":27}},"5":{"start":{"line":8,"column":0},"end":{"line":8,"column":33}},"6":{"start":{"line":9,"column":0},"end":{"line":9,"column":27}},"7":{"start":{"line":11,"column":0},"end":{"line":11,"column":23}}},"fnMap":{},"branchMap":{},"s":{"0":2,"1":2,"2":2,"3":2,"4":2,"5":2,"6":2,"7":2},"f":{},"b":{},"_coverageSchema":"1a1c01bbd47fc00a2c39e90264f33305004495a9","hash":"680b43e1093b4300ae69c15ed8cd02d1c06f05d1"}
,"/Users/billchair/Desktop/New Things/cms_server/routes/products.js": {"path":"/Users/billchair/Desktop/New Things/cms_server/routes/products.js","statementMap":{"0":{"start":{"line":2,"column":15},"end":{"line":2,"column":42}},"1":{"start":{"line":3,"column":26},"end":{"line":3,"column":59}},"2":{"start":{"line":5,"column":0},"end":{"line":5,"column":42}},"3":{"start":{"line":6,"column":0},"end":{"line":6,"column":46}},"4":{"start":{"line":8,"column":0},"end":{"line":8,"column":42}},"5":{"start":{"line":9,"column":0},"end":{"line":9,"column":42}},"6":{"start":{"line":10,"column":0},"end":{"line":10,"column":47}},"7":{"start":{"line":12,"column":0},"end":{"line":12,"column":23}}},"fnMap":{},"branchMap":{},"s":{"0":2,"1":2,"2":2,"3":2,"4":2,"5":2,"6":2,"7":2},"f":{},"b":{},"_coverageSchema":"1a1c01bbd47fc00a2c39e90264f33305004495a9","hash":"49716cc79b52b77353a6f710c764fa866e5e38e8"}
,"/Users/billchair/Desktop/New Things/cms_server/routes/user.js": {"path":"/Users/billchair/Desktop/New Things/cms_server/routes/user.js","statementMap":{"0":{"start":{"line":1,"column":15},"end":{"line":1,"column":42}},"1":{"start":{"line":2,"column":23},"end":{"line":2,"column":53}},"2":{"start":{"line":4,"column":0},"end":{"line":4,"column":49}},"3":{"start":{"line":5,"column":0},"end":{"line":5,"column":43}},"4":{"start":{"line":7,"column":0},"end":{"line":7,"column":23}}},"fnMap":{},"branchMap":{},"s":{"0":2,"1":2,"2":2,"3":2,"4":2},"f":{},"b":{},"_coverageSchema":"1a1c01bbd47fc00a2c39e90264f33305004495a9","hash":"97558c4fb4e4f7deb3feeacbd26fdce989532097"}
}
